 Output file of NAFNoise v1.00 for s809.dat
 Executed 12-Apr-2006 at 14:46:38
 =====================================================
 
                                                    ONE-THIRD OCTAVE
                                                  SOUND PRESSURE LEVELS



                       PRESSURE        SUCTION      SEPARATION   
      FREQUENCY(HZ)    SIDE TBL       SIDE TBL       SIDE TBL        LAMINAR      BLUNTNESS        INFLOW         TOTAL      
     -------------- -------------- -------------- -------------- -------------- -------------- -------------- -------------- 

         10.000        -28.438          6.650       -100.000          0.000        -10.746         16.865         17.267
         12.500        -20.830         11.976       -100.000          0.000         -9.171         21.240         21.730
         16.000        -13.046         17.372       -100.000          0.000         -7.428         25.964         26.529
         20.000         -6.554         21.829       -100.000          0.000         -5.853         30.110         30.713
         25.000         -0.551         25.912       -100.000          0.000         -4.278         34.117         34.731
         31.500          5.176         29.775       -100.000          0.000         -2.647         38.093         38.692
         40.000         10.602         33.406       -100.000          0.000         -0.961         41.975         42.543
         50.000         15.245         36.493        -83.585          0.000          0.614         45.337         45.873
         63.000         19.648         39.407        -53.974          0.000          2.245         48.479         48.991
         80.000         23.794         42.146        -28.446          0.000          3.932         51.269         51.777
        100.000         27.324         44.482         -8.795          0.000          5.507         53.364         53.902
        125.000         30.547         46.629          7.254          0.000          7.082         54.896         55.513
        160.000         33.787         48.814         21.344          0.000          8.824         55.896         56.696
        200.000         36.448         50.645         31.248          0.000         10.399         56.188         57.303
        250.000         38.883         52.366         38.916          0.000         11.974         55.950         57.645
        315.000         41.193         54.060         44.972          0.000         13.605         55.219         58.006
        400.000         43.383         55.745         49.726          0.000         15.292         54.020         58.713
        500.000         45.276         57.288         53.257          0.000         16.867         52.546         59.826
        630.000         47.107         58.884         56.468          0.000         18.498         50.687         61.416
        800.000         48.892         60.246         59.530          0.000         20.184         48.417         63.228
       1000.000         50.488         60.430         60.096          0.000         21.759         45.959         63.576
       1250.000         52.041         59.545         58.235          0.000         23.334         43.136         62.424
       1600.000         53.746         57.840         54.870          0.000         25.076         39.519         60.650
       2000.000         55.262         56.300         51.614          0.000         26.651         35.715         59.598
       2500.000         55.955         54.741         47.714          0.000         28.226         31.291         58.768
       3150.000         55.564         53.077         42.527          0.000         29.858         25.905         57.652
       4000.000         54.057         51.273         35.424          0.000         31.544         19.269         55.950
       5000.000         52.516         49.484         26.720          0.000         33.119         11.843         54.311
       6300.000         50.914         47.498         15.116          0.000         34.750          2.586         52.617
       8000.000         49.219         45.272         -0.159          0.000         36.399         -9.087         50.848
      10000.000         47.570         43.007        -17.912          0.000         37.933        -22.419         49.209
      12500.000         45.833         40.536        -39.480          0.000         39.467        -38.695         47.669
      16000.000         43.776         37.532        -68.317          0.000         41.164        -61.020         46.294
      20000.000         41.768         34.544        -99.361          0.000         42.698        -86.117         45.621
